[debug] [2024-06-16T18:48:34.610Z] ----------------------------------------------------------------------
[debug] [2024-06-16T18:48:34.613Z] Command:       C:\Program Files\nodejs\node.exe C:\Program Files\nodejs\node_modules\firebase-tools\lib\bin\firebase.js emulators:start
[debug] [2024-06-16T18:48:34.614Z] CLI Version:   13.11.2
[debug] [2024-06-16T18:48:34.614Z] Platform:      win32
[debug] [2024-06-16T18:48:34.614Z] Node Version:  v20.14.0
[debug] [2024-06-16T18:48:34.614Z] Time:          Sun Jun 16 2024 19:48:34 GMT+0100 (British Summer Time)
[debug] [2024-06-16T18:48:34.614Z] ----------------------------------------------------------------------
[debug] 
[debug] [2024-06-16T18:48:34.741Z] Object ".emulators.storage" in "firebase.json" has unknown property: {"additionalProperty":"rules"}
[debug] [2024-06-16T18:48:34.748Z] > command requires scopes: ["email","openid","https://www.googleapis.com/auth/cloudplatformprojects.readonly","https://www.googleapis.com/auth/firebase","https://www.googleapis.com/auth/cloud-platform"]
[debug] [2024-06-16T18:48:34.748Z] > authorizing via signed-in user (hannahsangar@gmail.com)
[debug] [2024-06-16T18:48:34.879Z] java version "21.0.3" 2024-04-16 LTS

[debug] [2024-06-16T18:48:34.879Z] Java(TM) SE Runtime Environment (build 21.0.3+7-LTS-152)
Java HotSpot(TM) 64-Bit Server VM (build 21.0.3+7-LTS-152, mixed mode, sharing)

[debug] [2024-06-16T18:48:34.905Z] Parsed Java major version: 21
[info] i  emulators: Starting emulators: auth, firestore, storage {"metadata":{"emulator":{"name":"hub"},"message":"Starting emulators: auth, firestore, storage"}}
[debug] [2024-06-16T18:48:34.927Z] [logging] Logging Emulator only supports listening on one address (127.0.0.1). Not listening on ::1
[debug] [2024-06-16T18:48:34.927Z] [auth] Authentication Emulator only supports listening on one address (127.0.0.1). Not listening on ::1
[debug] [2024-06-16T18:48:34.927Z] [firestore] Firestore Emulator only supports listening on one address (127.0.0.1). Not listening on ::1
[debug] [2024-06-16T18:48:34.927Z] [firestore.websocket] websocket server for firestore only supports listening on one address (127.0.0.1). Not listening on ::1
[debug] [2024-06-16T18:48:34.928Z] [storage] Storage Emulator only supports listening on one address (127.0.0.1). Not listening on ::1
[debug] [2024-06-16T18:48:34.928Z] assigned listening specs for emulators {"user":{"hub":[{"address":"127.0.0.1","family":"IPv4","port":4400},{"address":"::1","family":"IPv6","port":4400}],"ui":[{"address":"127.0.0.1","family":"IPv4","port":4000},{"address":"::1","family":"IPv6","port":4000}],"logging":[{"address":"127.0.0.1","family":"IPv4","port":4500}],"auth":[{"address":"127.0.0.1","family":"IPv4","port":9099}],"firestore":[{"address":"127.0.0.1","family":"IPv4","port":8080}],"firestore.websocket":[{"address":"127.0.0.1","family":"IPv4","port":9150}],"storage":[{"address":"127.0.0.1","family":"IPv4","port":9199}]},"metadata":{"message":"assigned listening specs for emulators"}}
[debug] [2024-06-16T18:48:34.933Z] [hub] writing locator at C:\Users\hanna\AppData\Local\Temp\hub-hannahs-hikes.json
[warn] !  firestore: Cloud Firestore Emulator does not support multiple databases yet. {"metadata":{"emulator":{"name":"firestore"},"message":"Cloud Firestore Emulator does not support multiple databases yet."}}
[warn] !  firestore: Did not find a Cloud Firestore rules file specified in a firebase.json config file. {"metadata":{"emulator":{"name":"firestore"},"message":"Did not find a Cloud Firestore rules file specified in a firebase.json config file."}}
[warn] !  firestore: The emulator will default to allowing all reads and writes. Learn more about this option: https://firebase.google.com/docs/emulator-suite/install_and_configure#security_rules_configuration. {"metadata":{"emulator":{"name":"firestore"},"message":"The emulator will default to allowing all reads and writes. Learn more about this option: https://firebase.google.com/docs/emulator-suite/install_and_configure#security_rules_configuration."}}
[debug] [2024-06-16T18:48:34.946Z] Ignoring unsupported arg: auto_download {"metadata":{"emulator":{"name":"firestore"},"message":"Ignoring unsupported arg: auto_download"}}
[debug] [2024-06-16T18:48:34.947Z] Ignoring unsupported arg: single_project_mode_error {"metadata":{"emulator":{"name":"firestore"},"message":"Ignoring unsupported arg: single_project_mode_error"}}
[debug] [2024-06-16T18:48:34.947Z] Starting Firestore Emulator with command {"binary":"java","args":["-Dgoogle.cloud_firestore.debug_log_level=FINE","-Duser.language=en","-jar","C:\\Users\\hanna\\.cache\\firebase\\emulators\\cloud-firestore-emulator-v1.19.7.jar","--host","127.0.0.1","--port",8080,"--websocket_port",9150,"--project_id","hannahs-hikes","--single_project_mode",true],"optionalArgs":["port","webchannel_port","host","rules","websocket_port","functions_emulator","seed_from_export","project_id","single_project_mode"],"joinArgs":false,"shell":false} {"metadata":{"emulator":{"name":"firestore"},"message":"Starting Firestore Emulator with command {\"binary\":\"java\",\"args\":[\"-Dgoogle.cloud_firestore.debug_log_level=FINE\",\"-Duser.language=en\",\"-jar\",\"C:\\\\Users\\\\hanna\\\\.cache\\\\firebase\\\\emulators\\\\cloud-firestore-emulator-v1.19.7.jar\",\"--host\",\"127.0.0.1\",\"--port\",8080,\"--websocket_port\",9150,\"--project_id\",\"hannahs-hikes\",\"--single_project_mode\",true],\"optionalArgs\":[\"port\",\"webchannel_port\",\"host\",\"rules\",\"websocket_port\",\"functions_emulator\",\"seed_from_export\",\"project_id\",\"single_project_mode\"],\"joinArgs\":false,\"shell\":false}"}}
[info] i  firestore: Firestore Emulator logging to firestore-debug.log {"metadata":{"emulator":{"name":"firestore"},"message":"Firestore Emulator logging to \u001b[1mfirestore-debug.log\u001b[22m"}}
[info] +  firestore: Firestore Emulator UI websocket is running on 9150. {"metadata":{"emulator":{"name":"firestore"},"message":"Firestore Emulator UI websocket is running on 9150."}}
[debug] [2024-06-16T18:48:45.445Z] Ignoring unsupported arg: port {"metadata":{"emulator":{"name":"storage"},"message":"Ignoring unsupported arg: port"}}
[debug] [2024-06-16T18:48:46.715Z] Temp file directory for storage emulator: C:\Users\hanna\AppData\Local\Temp/firebase/storage/blobs {"metadata":{"emulator":{"name":"storage"},"message":"Temp file directory for storage emulator: C:\\Users\\hanna\\AppData\\Local\\Temp/firebase/storage/blobs"}}
[info] i  ui: downloading ui-v1.12.1.zip... {"metadata":{"emulator":{"name":"ui"},"message":"downloading ui-v1.12.1.zip..."}}
[debug] [2024-06-16T18:48:46.731Z] >>> [apiv2][query] GET https://storage.googleapis.com/firebase-preview-drop/emulator/ui-v1.12.1.zip 
[debug] [2024-06-16T18:48:46.832Z] <<< [apiv2][status] GET https://storage.googleapis.com/firebase-preview-drop/emulator/ui-v1.12.1.zip 200
[debug] [2024-06-16T18:48:46.833Z] <<< [apiv2][body] GET https://storage.googleapis.com/firebase-preview-drop/emulator/ui-v1.12.1.zip [stream]
[debug] [2024-06-16T18:48:47.097Z] Data is 3498269
[debug] [2024-06-16T18:48:47.098Z] [unzip] Entry: client/ (compressed_size=0 bytes, uncompressed_size=0 bytes)
[debug] [2024-06-16T18:48:47.098Z] [unzip] Processing entry: client\
[debug] [2024-06-16T18:48:47.098Z] [unzip] mkdir: C:\Users\hanna\.cache\firebase\emulators\ui-v1.12.1\client\
[debug] [2024-06-16T18:48:47.099Z] [unzip] Entry: client/favicon.ico (compressed_size=2933 bytes, uncompressed_size=13294 bytes)
[debug] [2024-06-16T18:48:47.099Z] [unzip] Processing entry: client\favicon.ico
[debug] [2024-06-16T18:48:47.099Z] [unzip] else mkdir: C:\Users\hanna\.cache\firebase\emulators\ui-v1.12.1\client
[debug] [2024-06-16T18:48:47.099Z] [unzip] deflating: C:\Users\hanna\.cache\firebase\emulators\ui-v1.12.1\client\favicon.ico
[debug] [2024-06-16T18:48:47.104Z] [unzip] Entry: client/mstile-150x150.png (compressed_size=2034 bytes, uncompressed_size=2034 bytes)
[debug] [2024-06-16T18:48:47.105Z] [unzip] Processing entry: client\mstile-150x150.png
[debug] [2024-06-16T18:48:47.105Z] [unzip] else mkdir: C:\Users\hanna\.cache\firebase\emulators\ui-v1.12.1\client
[debug] [2024-06-16T18:48:47.105Z] [unzip] Writing file: C:\Users\hanna\.cache\firebase\emulators\ui-v1.12.1\client\mstile-150x150.png
[debug] [2024-06-16T18:48:47.106Z] [unzip] Entry: client/favicon-16x16.png (compressed_size=293 bytes, uncompressed_size=293 bytes)
[debug] [2024-06-16T18:48:47.107Z] [unzip] Processing entry: client\favicon-16x16.png
[debug] [2024-06-16T18:48:47.107Z] [unzip] else mkdir: C:\Users\hanna\.cache\firebase\emulators\ui-v1.12.1\client
[debug] [2024-06-16T18:48:47.107Z] [unzip] Writing file: C:\Users\hanna\.cache\firebase\emulators\ui-v1.12.1\client\favicon-16x16.png
[debug] [2024-06-16T18:48:47.108Z] [unzip] Entry: client/favicon-32x32.png (compressed_size=475 bytes, uncompressed_size=475 bytes)
[debug] [2024-06-16T18:48:47.108Z] [unzip] Processing entry: client\favicon-32x32.png
[debug] [2024-06-16T18:48:47.108Z] [unzip] else mkdir: C:\Users\hanna\.cache\firebase\emulators\ui-v1.12.1\client
[debug] [2024-06-16T18:48:47.109Z] [unzip] Writing file: C:\Users\hanna\.cache\firebase\emulators\ui-v1.12.1\client\favicon-32x32.png
[debug] [2024-06-16T18:48:47.110Z] [unzip] Entry: client/manifest.json (compressed_size=245 bytes, uncompressed_size=551 bytes)
[debug] [2024-06-16T18:48:47.110Z] [unzip] Processing entry: client\manifest.json
[debug] [2024-06-16T18:48:47.110Z] [unzip] else mkdir: C:\Users\hanna\.cache\firebase\emulators\ui-v1.12.1\client
[debug] [2024-06-16T18:48:47.111Z] [unzip] deflating: C:\Users\hanna\.cache\firebase\emulators\ui-v1.12.1\client\manifest.json
[debug] [2024-06-16T18:48:47.113Z] [unzip] Entry: client/index.html (compressed_size=1365 bytes, uncompressed_size=3071 bytes)
[debug] [2024-06-16T18:48:47.113Z] [unzip] Processing entry: client\index.html
[debug] [2024-06-16T18:48:47.113Z] [unzip] else mkdir: C:\Users\hanna\.cache\firebase\emulators\ui-v1.12.1\client
[debug] [2024-06-16T18:48:47.113Z] [unzip] deflating: C:\Users\hanna\.cache\firebase\emulators\ui-v1.12.1\client\index.html
[debug] [2024-06-16T18:48:47.116Z] [unzip] Entry: client/robots.txt (compressed_size=26 bytes, uncompressed_size=26 bytes)
[debug] [2024-06-16T18:48:47.116Z] [unzip] Processing entry: client\robots.txt
[debug] [2024-06-16T18:48:47.116Z] [unzip] else mkdir: C:\Users\hanna\.cache\firebase\emulators\ui-v1.12.1\client
[debug] [2024-06-16T18:48:47.117Z] [unzip] Writing file: C:\Users\hanna\.cache\firebase\emulators\ui-v1.12.1\client\robots.txt
[debug] [2024-06-16T18:48:47.118Z] [unzip] Entry: client/android-chrome-512x512.png (compressed_size=5369 bytes, uncompressed_size=5411 bytes)
[debug] [2024-06-16T18:48:47.118Z] [unzip] Processing entry: client\android-chrome-512x512.png
[debug] [2024-06-16T18:48:47.118Z] [unzip] else mkdir: C:\Users\hanna\.cache\firebase\emulators\ui-v1.12.1\client
[debug] [2024-06-16T18:48:47.119Z] [unzip] deflating: C:\Users\hanna\.cache\firebase\emulators\ui-v1.12.1\client\android-chrome-512x512.png
[debug] [2024-06-16T18:48:47.120Z] [unzip] Entry: client/assets/ (compressed_size=0 bytes, uncompressed_size=0 bytes)
[debug] [2024-06-16T18:48:47.121Z] [unzip] Processing entry: client\assets\
[debug] [2024-06-16T18:48:47.121Z] [unzip] mkdir: C:\Users\hanna\.cache\firebase\emulators\ui-v1.12.1\client\assets\
[debug] [2024-06-16T18:48:47.121Z] [unzip] Entry: client/assets/img/ (compressed_size=0 bytes, uncompressed_size=0 bytes)
[debug] [2024-06-16T18:48:47.122Z] [unzip] Processing entry: client\assets\img\
[debug] [2024-06-16T18:48:47.122Z] [unzip] mkdir: C:\Users\hanna\.cache\firebase\emulators\ui-v1.12.1\client\assets\img\
[debug] [2024-06-16T18:48:47.122Z] [unzip] Entry: client/assets/img/database.png (compressed_size=29449 bytes, uncompressed_size=29988 bytes)
[debug] [2024-06-16T18:48:47.122Z] [unzip] Processing entry: client\assets\img\database.png
[debug] [2024-06-16T18:48:47.122Z] [unzip] else mkdir: C:\Users\hanna\.cache\firebase\emulators\ui-v1.12.1\client\assets\img
[debug] [2024-06-16T18:48:47.123Z] [unzip] deflating: C:\Users\hanna\.cache\firebase\emulators\ui-v1.12.1\client\assets\img\database.png
[debug] [2024-06-16T18:48:47.125Z] [unzip] Entry: client/assets/provider-icons/ (compressed_size=0 bytes, uncompressed_size=0 bytes)
[debug] [2024-06-16T18:48:47.125Z] [unzip] Processing entry: client\assets\provider-icons\
[debug] [2024-06-16T18:48:47.125Z] [unzip] mkdir: C:\Users\hanna\.cache\firebase\emulators\ui-v1.12.1\client\assets\provider-icons\
[debug] [2024-06-16T18:48:47.125Z] [unzip] Entry: client/assets/provider-icons/auth_service_play_games.svg (compressed_size=565 bytes, uncompressed_size=1173 bytes)
[debug] [2024-06-16T18:48:47.126Z] [unzip] Processing entry: client\assets\provider-icons\auth_service_play_games.svg
[debug] [2024-06-16T18:48:47.126Z] [unzip] else mkdir: C:\Users\hanna\.cache\firebase\emulators\ui-v1.12.1\client\assets\provider-icons
[debug] [2024-06-16T18:48:47.126Z] [unzip] deflating: C:\Users\hanna\.cache\firebase\emulators\ui-v1.12.1\client\assets\provider-icons\auth_service_play_games.svg
[debug] [2024-06-16T18:48:47.128Z] [unzip] Entry: client/assets/provider-icons/auth_service_game_center.svg (compressed_size=991 bytes, uncompressed_size=3921 bytes)
[debug] [2024-06-16T18:48:47.128Z] [unzip] Processing entry: client\assets\provider-icons\auth_service_game_center.svg
[debug] [2024-06-16T18:48:47.128Z] [unzip] else mkdir: C:\Users\hanna\.cache\firebase\emulators\ui-v1.12.1\client\assets\provider-icons
[debug] [2024-06-16T18:48:47.129Z] [unzip] deflating: C:\Users\hanna\.cache\firebase\emulators\ui-v1.12.1\client\assets\provider-icons\auth_service_game_center.svg
[debug] [2024-06-16T18:48:47.130Z] [unzip] Entry: client/assets/provider-icons/auth_service_google.svg (compressed_size=409 bytes, uncompressed_size=720 bytes)
[debug] [2024-06-16T18:48:47.131Z] [unzip] Processing entry: client\assets\provider-icons\auth_service_google.svg
[debug] [2024-06-16T18:48:47.131Z] [unzip] else mkdir: C:\Users\hanna\.cache\firebase\emulators\ui-v1.12.1\client\assets\provider-icons
[debug] [2024-06-16T18:48:47.131Z] [unzip] deflating: C:\Users\hanna\.cache\firebase\emulators\ui-v1.12.1\client\assets\provider-icons\auth_service_google.svg
[debug] [2024-06-16T18:48:47.133Z] [unzip] Entry: client/assets/provider-icons/auth_service_yahoo.svg (compressed_size=577 bytes, uncompressed_size=1182 bytes)
[debug] [2024-06-16T18:48:47.133Z] [unzip] Processing entry: client\assets\provider-icons\auth_service_yahoo.svg
[debug] [2024-06-16T18:48:47.133Z] [unzip] else mkdir: C:\Users\hanna\.cache\firebase\emulators\ui-v1.12.1\client\assets\provider-icons
[debug] [2024-06-16T18:48:47.134Z] [unzip] deflating: C:\Users\hanna\.cache\firebase\emulators\ui-v1.12.1\client\assets\provider-icons\auth_service_yahoo.svg
[debug] [2024-06-16T18:48:47.136Z] [unzip] Entry: client/assets/provider-icons/auth_service_email.svg (compressed_size=228 bytes, uncompressed_size=326 bytes)
[debug] [2024-06-16T18:48:47.136Z] [unzip] Processing entry: client\assets\provider-icons\auth_service_email.svg
[debug] [2024-06-16T18:48:47.136Z] [unzip] else mkdir: C:\Users\hanna\.cache\firebase\emulators\ui-v1.12.1\client\assets\provider-icons
[debug] [2024-06-16T18:48:47.136Z] [unzip] deflating: C:\Users\hanna\.cache\firebase\emulators\ui-v1.12.1\client\assets\provider-icons\auth_service_email.svg
[debug] [2024-06-16T18:48:47.138Z] [unzip] Entry: client/assets/provider-icons/auth_service_saml.svg (compressed_size=575 bytes, uncompressed_size=1226 bytes)
[debug] [2024-06-16T18:48:47.138Z] [unzip] Processing entry: client\assets\provider-icons\auth_service_saml.svg
[debug] [2024-06-16T18:48:47.138Z] [unzip] else mkdir: C:\Users\hanna\.cache\firebase\emulators\ui-v1.12.1\client\assets\provider-icons
[debug] [2024-06-16T18:48:47.139Z] [unzip] deflating: C:\Users\hanna\.cache\firebase\emulators\ui-v1.12.1\client\assets\provider-icons\auth_service_saml.svg
[debug] [2024-06-16T18:48:47.140Z] [unzip] Entry: client/assets/provider-icons/auth_service_oidc.svg (compressed_size=414 bytes, uncompressed_size=858 bytes)
[debug] [2024-06-16T18:48:47.141Z] [unzip] Processing entry: client\assets\provider-icons\auth_service_oidc.svg
[debug] [2024-06-16T18:48:47.141Z] [unzip] else mkdir: C:\Users\hanna\.cache\firebase\emulators\ui-v1.12.1\client\assets\provider-icons
[debug] [2024-06-16T18:48:47.141Z] [unzip] deflating: C:\Users\hanna\.cache\firebase\emulators\ui-v1.12.1\client\assets\provider-icons\auth_service_oidc.svg
[debug] [2024-06-16T18:48:47.143Z] [unzip] Entry: client/assets/provider-icons/auth_service_facebook.svg (compressed_size=289 bytes, uncompressed_size=457 bytes)
[debug] [2024-06-16T18:48:47.143Z] [unzip] Processing entry: client\assets\provider-icons\auth_service_facebook.svg
[debug] [2024-06-16T18:48:47.143Z] [unzip] else mkdir: C:\Users\hanna\.cache\firebase\emulators\ui-v1.12.1\client\assets\provider-icons
[debug] [2024-06-16T18:48:47.144Z] [unzip] deflating: C:\Users\hanna\.cache\firebase\emulators\ui-v1.12.1\client\assets\provider-icons\auth_service_facebook.svg
[debug] [2024-06-16T18:48:47.145Z] [unzip] Entry: client/assets/provider-icons/auth_service_github.svg (compressed_size=466 bytes, uncompressed_size=838 bytes)
[debug] [2024-06-16T18:48:47.145Z] [unzip] Processing entry: client\assets\provider-icons\auth_service_github.svg
[debug] [2024-06-16T18:48:47.145Z] [unzip] else mkdir: C:\Users\hanna\.cache\firebase\emulators\ui-v1.12.1\client\assets\provider-icons
[debug] [2024-06-16T18:48:47.146Z] [unzip] deflating: C:\Users\hanna\.cache\firebase\emulators\ui-v1.12.1\client\assets\provider-icons\auth_service_github.svg
[debug] [2024-06-16T18:48:47.148Z] [unzip] Entry: client/assets/provider-icons/auth_service_phone.svg (compressed_size=261 bytes, uncompressed_size=414 bytes)
[debug] [2024-06-16T18:48:47.148Z] [unzip] Processing entry: client\assets\provider-icons\auth_service_phone.svg
[debug] [2024-06-16T18:48:47.148Z] [unzip] else mkdir: C:\Users\hanna\.cache\firebase\emulators\ui-v1.12.1\client\assets\provider-icons
[debug] [2024-06-16T18:48:47.148Z] [unzip] deflating: C:\Users\hanna\.cache\firebase\emulators\ui-v1.12.1\client\assets\provider-icons\auth_service_phone.svg
[debug] [2024-06-16T18:48:47.150Z] [unzip] Entry: client/assets/provider-icons/auth_service_apple.svg (compressed_size=230 bytes, uncompressed_size=334 bytes)
[debug] [2024-06-16T18:48:47.150Z] [unzip] Processing entry: client\assets\provider-icons\auth_service_apple.svg
[debug] [2024-06-16T18:48:47.150Z] [unzip] else mkdir: C:\Users\hanna\.cache\firebase\emulators\ui-v1.12.1\client\assets\provider-icons
[debug] [2024-06-16T18:48:47.150Z] [unzip] deflating: C:\Users\hanna\.cache\firebase\emulators\ui-v1.12.1\client\assets\provider-icons\auth_service_apple.svg
[debug] [2024-06-16T18:48:47.152Z] [unzip] Entry: client/assets/provider-icons/auth_service_twitter.svg (compressed_size=444 bytes, uncompressed_size=751 bytes)
[debug] [2024-06-16T18:48:47.152Z] [unzip] Processing entry: client\assets\provider-icons\auth_service_twitter.svg
[debug] [2024-06-16T18:48:47.152Z] [unzip] else mkdir: C:\Users\hanna\.cache\firebase\emulators\ui-v1.12.1\client\assets\provider-icons
[debug] [2024-06-16T18:48:47.152Z] [unzip] deflating: C:\Users\hanna\.cache\firebase\emulators\ui-v1.12.1\client\assets\provider-icons\auth_service_twitter.svg
[debug] [2024-06-16T18:48:47.154Z] [unzip] Entry: client/assets/provider-icons/auth_service_mslive.svg (compressed_size=203 bytes, uncompressed_size=378 bytes)
[debug] [2024-06-16T18:48:47.154Z] [unzip] Processing entry: client\assets\provider-icons\auth_service_mslive.svg
[debug] [2024-06-16T18:48:47.154Z] [unzip] else mkdir: C:\Users\hanna\.cache\firebase\emulators\ui-v1.12.1\client\assets\provider-icons
[debug] [2024-06-16T18:48:47.155Z] [unzip] deflating: C:\Users\hanna\.cache\firebase\emulators\ui-v1.12.1\client\assets\provider-icons\auth_service_mslive.svg
[debug] [2024-06-16T18:48:47.156Z] [unzip] Entry: client/assets/extensions/ (compressed_size=0 bytes, uncompressed_size=0 bytes)
[debug] [2024-06-16T18:48:47.156Z] [unzip] Processing entry: client\assets\extensions\
[debug] [2024-06-16T18:48:47.156Z] [unzip] mkdir: C:\Users\hanna\.cache\firebase\emulators\ui-v1.12.1\client\assets\extensions\
[debug] [2024-06-16T18:48:47.157Z] [unzip] Entry: client/assets/extensions/default-extension.png (compressed_size=1646 bytes, uncompressed_size=1657 bytes)
[debug] [2024-06-16T18:48:47.157Z] [unzip] Processing entry: client\assets\extensions\default-extension.png
[debug] [2024-06-16T18:48:47.157Z] [unzip] else mkdir: C:\Users\hanna\.cache\firebase\emulators\ui-v1.12.1\client\assets\extensions
[debug] [2024-06-16T18:48:47.157Z] [unzip] deflating: C:\Users\hanna\.cache\firebase\emulators\ui-v1.12.1\client\assets\extensions\default-extension.png
[debug] [2024-06-16T18:48:47.159Z] [unzip] Entry: client/assets/index-Cj5I7867.css (compressed_size=35786 bytes, uncompressed_size=297937 bytes)
[debug] [2024-06-16T18:48:47.159Z] [unzip] Processing entry: client\assets\index-Cj5I7867.css
[debug] [2024-06-16T18:48:47.159Z] [unzip] else mkdir: C:\Users\hanna\.cache\firebase\emulators\ui-v1.12.1\client\assets
[debug] [2024-06-16T18:48:47.160Z] [unzip] deflating: C:\Users\hanna\.cache\firebase\emulators\ui-v1.12.1\client\assets\index-Cj5I7867.css
[debug] [2024-06-16T18:48:47.164Z] [unzip] Entry: client/assets/index-JXEx31eZ.js (compressed_size=563896 bytes, uncompressed_size=2020866 bytes)
[debug] [2024-06-16T18:48:47.164Z] [unzip] Processing entry: client\assets\index-JXEx31eZ.js
[debug] [2024-06-16T18:48:47.164Z] [unzip] else mkdir: C:\Users\hanna\.cache\firebase\emulators\ui-v1.12.1\client\assets
[debug] [2024-06-16T18:48:47.164Z] [unzip] deflating: C:\Users\hanna\.cache\firebase\emulators\ui-v1.12.1\client\assets\index-JXEx31eZ.js
[debug] [2024-06-16T18:48:47.181Z] [unzip] Entry: client/assets/index-JXEx31eZ.js.map (compressed_size=2229196 bytes, uncompressed_size=9596104 bytes)
[debug] [2024-06-16T18:48:47.181Z] [unzip] Processing entry: client\assets\index-JXEx31eZ.js.map
[debug] [2024-06-16T18:48:47.181Z] [unzip] else mkdir: C:\Users\hanna\.cache\firebase\emulators\ui-v1.12.1\client\assets
[debug] [2024-06-16T18:48:47.182Z] [unzip] deflating: C:\Users\hanna\.cache\firebase\emulators\ui-v1.12.1\client\assets\index-JXEx31eZ.js.map
[debug] [2024-06-16T18:48:47.281Z] [unzip] Entry: client/safari-pinned-tab.svg (compressed_size=1433 bytes, uncompressed_size=2611 bytes)
[debug] [2024-06-16T18:48:47.281Z] [unzip] Processing entry: client\safari-pinned-tab.svg
[debug] [2024-06-16T18:48:47.282Z] [unzip] else mkdir: C:\Users\hanna\.cache\firebase\emulators\ui-v1.12.1\client
[debug] [2024-06-16T18:48:47.282Z] [unzip] deflating: C:\Users\hanna\.cache\firebase\emulators\ui-v1.12.1\client\safari-pinned-tab.svg
[debug] [2024-06-16T18:48:47.283Z] [unzip] Entry: client/browserconfig.xml (compressed_size=491 bytes, uncompressed_size=822 bytes)
[debug] [2024-06-16T18:48:47.283Z] [unzip] Processing entry: client\browserconfig.xml
[debug] [2024-06-16T18:48:47.284Z] [unzip] else mkdir: C:\Users\hanna\.cache\firebase\emulators\ui-v1.12.1\client
[debug] [2024-06-16T18:48:47.284Z] [unzip] deflating: C:\Users\hanna\.cache\firebase\emulators\ui-v1.12.1\client\browserconfig.xml
[debug] [2024-06-16T18:48:47.285Z] [unzip] Entry: client/android-chrome-192x192.png (compressed_size=2684 bytes, uncompressed_size=2684 bytes)
[debug] [2024-06-16T18:48:47.285Z] [unzip] Processing entry: client\android-chrome-192x192.png
[debug] [2024-06-16T18:48:47.285Z] [unzip] else mkdir: C:\Users\hanna\.cache\firebase\emulators\ui-v1.12.1\client
[debug] [2024-06-16T18:48:47.286Z] [unzip] Writing file: C:\Users\hanna\.cache\firebase\emulators\ui-v1.12.1\client\android-chrome-192x192.png
[debug] [2024-06-16T18:48:47.287Z] [unzip] Entry: client/apple-touch-icon.png (compressed_size=2123 bytes, uncompressed_size=2152 bytes)
[debug] [2024-06-16T18:48:47.287Z] [unzip] Processing entry: client\apple-touch-icon.png
[debug] [2024-06-16T18:48:47.287Z] [unzip] else mkdir: C:\Users\hanna\.cache\firebase\emulators\ui-v1.12.1\client
[debug] [2024-06-16T18:48:47.287Z] [unzip] deflating: C:\Users\hanna\.cache\firebase\emulators\ui-v1.12.1\client\apple-touch-icon.png
[debug] [2024-06-16T18:48:47.288Z] [unzip] Entry: server/ (compressed_size=0 bytes, uncompressed_size=0 bytes)
[debug] [2024-06-16T18:48:47.289Z] [unzip] Processing entry: server\
[debug] [2024-06-16T18:48:47.289Z] [unzip] mkdir: C:\Users\hanna\.cache\firebase\emulators\ui-v1.12.1\server\
[debug] [2024-06-16T18:48:47.289Z] [unzip] Entry: server/server.mjs.map (compressed_size=286219 bytes, uncompressed_size=1310517 bytes)
[debug] [2024-06-16T18:48:47.289Z] [unzip] Processing entry: server\server.mjs.map
[debug] [2024-06-16T18:48:47.289Z] [unzip] else mkdir: C:\Users\hanna\.cache\firebase\emulators\ui-v1.12.1\server
[debug] [2024-06-16T18:48:47.289Z] [unzip] deflating: C:\Users\hanna\.cache\firebase\emulators\ui-v1.12.1\server\server.mjs.map
[debug] [2024-06-16T18:48:47.299Z] [unzip] Entry: server/assets/ (compressed_size=0 bytes, uncompressed_size=0 bytes)
[debug] [2024-06-16T18:48:47.299Z] [unzip] Processing entry: server\assets\
[debug] [2024-06-16T18:48:47.299Z] [unzip] mkdir: C:\Users\hanna\.cache\firebase\emulators\ui-v1.12.1\server\assets\
[debug] [2024-06-16T18:48:47.299Z] [unzip] Entry: server/assets/multipart-parser-n20ATYm_.mjs.map (compressed_size=4790 bytes, uncompressed_size=17920 bytes)
[debug] [2024-06-16T18:48:47.300Z] [unzip] Processing entry: server\assets\multipart-parser-n20ATYm_.mjs.map
[debug] [2024-06-16T18:48:47.300Z] [unzip] else mkdir: C:\Users\hanna\.cache\firebase\emulators\ui-v1.12.1\server\assets
[debug] [2024-06-16T18:48:47.300Z] [unzip] deflating: C:\Users\hanna\.cache\firebase\emulators\ui-v1.12.1\server\assets\multipart-parser-n20ATYm_.mjs.map
[debug] [2024-06-16T18:48:47.301Z] [unzip] Entry: server/assets/multipart-parser-n20ATYm_.mjs (compressed_size=2625 bytes, uncompressed_size=10428 bytes)
[debug] [2024-06-16T18:48:47.301Z] [unzip] Processing entry: server\assets\multipart-parser-n20ATYm_.mjs
[debug] [2024-06-16T18:48:47.301Z] [unzip] else mkdir: C:\Users\hanna\.cache\firebase\emulators\ui-v1.12.1\server\assets
[debug] [2024-06-16T18:48:47.302Z] [unzip] deflating: C:\Users\hanna\.cache\firebase\emulators\ui-v1.12.1\server\assets\multipart-parser-n20ATYm_.mjs
[debug] [2024-06-16T18:48:47.303Z] [unzip] Entry: server/server.mjs (compressed_size=311497 bytes, uncompressed_size=1147307 bytes)
[debug] [2024-06-16T18:48:47.303Z] [unzip] Processing entry: server\server.mjs
[debug] [2024-06-16T18:48:47.303Z] [unzip] else mkdir: C:\Users\hanna\.cache\firebase\emulators\ui-v1.12.1\server
[debug] [2024-06-16T18:48:47.303Z] [unzip] deflating: C:\Users\hanna\.cache\firebase\emulators\ui-v1.12.1\server\server.mjs
[debug] [2024-06-16T18:48:47.313Z] Ignoring unsupported arg: auto_download {"metadata":{"emulator":{"name":"ui"},"message":"Ignoring unsupported arg: auto_download"}}
[debug] [2024-06-16T18:48:47.313Z] Ignoring unsupported arg: port {"metadata":{"emulator":{"name":"ui"},"message":"Ignoring unsupported arg: port"}}
[debug] [2024-06-16T18:48:47.313Z] Starting Emulator UI with command {"binary":"node","args":["C:\\Users\\hanna\\.cache\\firebase\\emulators\\ui-v1.12.1\\server\\server.mjs"],"optionalArgs":[],"joinArgs":false,"shell":false} {"metadata":{"emulator":{"name":"ui"},"message":"Starting Emulator UI with command {\"binary\":\"node\",\"args\":[\"C:\\\\Users\\\\hanna\\\\.cache\\\\firebase\\\\emulators\\\\ui-v1.12.1\\\\server\\\\server.mjs\"],\"optionalArgs\":[],\"joinArgs\":false,\"shell\":false}"}}
[info] i  ui: Emulator UI logging to ui-debug.log {"metadata":{"emulator":{"name":"ui"},"message":"Emulator UI logging to \u001b[1mui-debug.log\u001b[22m"}}
[debug] [2024-06-16T18:48:47.726Z] Web / API server started at 127.0.0.1:4000
 {"metadata":{"emulator":{"name":"ui"},"message":"Web / API server started at 127.0.0.1:4000\n"}}
[debug] [2024-06-16T18:48:47.727Z] Web / API server started at ::1:4000
 {"metadata":{"emulator":{"name":"ui"},"message":"Web / API server started at ::1:4000\n"}}
[info] 
┌─────────────────────────────────────────────────────────────┐
│ ✔  All emulators ready! It is now safe to connect your app. │
│ i  View Emulator UI at http://127.0.0.1:4000/               │
└─────────────────────────────────────────────────────────────┘

┌────────────────┬────────────────┬─────────────────────────────────┐
│ Emulator       │ Host:Port      │ View in Emulator UI             │
├────────────────┼────────────────┼─────────────────────────────────┤
│ Authentication │ 127.0.0.1:9099 │ http://127.0.0.1:4000/auth      │
├────────────────┼────────────────┼─────────────────────────────────┤
│ Firestore      │ 127.0.0.1:8080 │ http://127.0.0.1:4000/firestore │
├────────────────┼────────────────┼─────────────────────────────────┤
│ Storage        │ 127.0.0.1:9199 │ http://127.0.0.1:4000/storage   │
└────────────────┴────────────────┴─────────────────────────────────┘
  Emulator Hub running at 127.0.0.1:4400
  Other reserved ports: 4500, 9150

Issues? Report them at https://github.com/firebase/firebase-tools/issues and attach the *-debug.log files.
 
[debug] [2024-06-16T18:49:11.820Z] >>> [apiv2][query] GET https://firebase.googleapis.com/v1beta1/projects/hannahs-hikes/adminSdkConfig [none]
[debug] [2024-06-16T18:49:12.423Z] <<< [apiv2][status] GET https://firebase.googleapis.com/v1beta1/projects/hannahs-hikes/adminSdkConfig 200
[debug] [2024-06-16T18:49:12.423Z] <<< [apiv2][body] GET https://firebase.googleapis.com/v1beta1/projects/hannahs-hikes/adminSdkConfig {"projectId":"hannahs-hikes","storageBucket":"hannahs-hikes.appspot.com","locationId":"europe-west2"}
[info] i  storage: Change detected, updating rules for Cloud Storage... {"metadata":{"emulator":{"name":"storage"},"message":"Change detected, updating rules for Cloud Storage..."}}
